<?xml version="1.0" encoding="UTF-8"?>
<!-- Generated by org.testng.reporters.JUnitReportReporter -->
<testsuite hostname="DESKTOP-LF42QN7" failures="0" tests="1" name="WebTesting.loginTest" time="4.266" errors="0" timestamp="2025-03-28T13:48:04 CST" skipped="0">
  <testcase classname="WebTesting.loginTest" name="login" time="4.266"/>
</testsuite> <!-- WebTesting.loginTest -->
